Microsoft (R) Macro Assembler (x64) Version 14.12.25835.0   03/26/18 11:16:04
main.asm						     Page 1 - 1




				ExitProcess proto

 00000000			.data
 00000000 FFFFFFEC		number DWORD -20

 00000000			.code
 00000000			main proc
 00000000  8B 05 00000000 R		mov eax,number
 00000006  E8 00000000 E	   call ExitProcess

 0000000B			main endp
				end
Microsoft (R) Macro Assembler (x64) Version 14.12.25835.0   03/26/18 11:16:04
main.asm						     Symbols 2 - 1




Procedures, parameters, and locals:

                N a m e                 Type     Value    Attr

ExitProcess  . . . . . . . . . .	P 	 00000000 Length= 00000000 External
main . . . . . . . . . . . . . .	P 	 00000000 _TEXT	Length= 0000000B Public


Symbols:

                N a m e                 Type     Value    Attr

number . . . . . . . . . . . . .	DWord	 00000000 _DATA	

	   0 Warnings
	   0 Errors
