Microsoft (R) Macro Assembler (x64) Version 14.14.26428.1   05/23/18 11:28:18
main.asm						     Page 1 - 1


				ExitProcess proto
				WriteInt64 proto
				Crlf proto

 00000000			.data
 00000000			myArray QWORD 1,2,3,4,5,6,7,8
	   0000000000000001
	   0000000000000002
	   0000000000000003
	   0000000000000004
	   0000000000000005
	   0000000000000006
	   0000000000000007
	   0000000000000008

 00000000			.code
 00000000			main proc

					;print array
 00000000  48/ C7 C1			mov rcx, LENGTHOF myArray
	   00000008
 00000007  48/ C7 C6			mov rsi, 0
	   00000000
 0000000E				PRINTLOOP:
 0000000E  48/ 8B 04 F5				mov rax, myArray[rsi * 8]		
	   00000000 R
 00000016  E8 00000000 E			call WriteInt64
 0000001B  48/ FF C6				inc rsi
 0000001E  E2 EE			LOOP PRINTLOOP
 00000020  E8 00000000 E		call Crlf

 00000025  48/ C7 C1			mov rcx, LENGTHOF myArray / 2
	   00000004
 0000002C  48/ C7 C6			mov rsi,0
	   00000000
 00000033  48/ C7 C7			mov rdi,1
	   00000001
 0000003A				SWAPPER:
 0000003A  4C/ 8B 0C F5				mov r9,myArray[rsi * 8]
	   00000000 R
 00000042  4C/ 8B 14 FD				mov r10,myArray[rdi * 8]
	   00000000 R
 0000004A  4C/ 89 14 F5				mov myArray[rsi * 8],r10
	   00000000 R
 00000052  4C/ 89 0C FD				mov myArray[rdi * 8],r9
	   00000000 R

 0000005A  48/ 83 C6 02				add rsi,2
 0000005E  48/ 83 C7 02				add rdi,2
 00000062  E2 D6			LOOP SWAPPER

					;print array
 00000064  48/ C7 C1			mov rcx, LENGTHOF myArray
	   00000008
 0000006B  48/ C7 C6			mov rsi, 0
	   00000000
 00000072				PRINTLOOP2:
 00000072  48/ 8B 04 F5				mov rax, myArray[rsi * 8]		
	   00000000 R
 0000007A  E8 00000000 E			call WriteInt64
 0000007F  48/ FF C6				inc rsi
 00000082  E2 EE			LOOP PRINTLOOP2
 00000084  E8 00000000 E		call Crlf



 00000089  E8 00000000 E		call ExitProcess

 0000008E			main endp
				end
Microsoft (R) Macro Assembler (x64) Version 14.14.26428.1   05/23/18 11:28:18
main.asm						     Symbols 2 - 1




Procedures, parameters, and locals:

                N a m e                 Type     Value    Attr

Crlf . . . . . . . . . . . . . .	P 	 00000000 Length= 00000000 External
ExitProcess  . . . . . . . . . .	P 	 00000000 Length= 00000000 External
WriteInt64 . . . . . . . . . . .	P 	 00000000 Length= 00000000 External
main . . . . . . . . . . . . . .	P 	 00000000 _TEXT	Length= 0000008E Public
  PRINTLOOP  . . . . . . . . . .	L 	 0000000E _TEXT	
  SWAPPER  . . . . . . . . . . .	L 	 0000003A _TEXT	
  PRINTLOOP2 . . . . . . . . . .	L 	 00000072 _TEXT	


Symbols:

                N a m e                 Type     Value    Attr

myArray  . . . . . . . . . . . .	QWord	 00000000 _DATA	

	   0 Warnings
	   0 Errors
